error: error {"label":"logs","timestamp":"2023-11-26T19:21:44.746Z"}
2023-11-26T19:24:05.047Z [logs] error: error
2023-11-26T19:27:05.054Z [logs] error: error
2023-11-26T19:29:56.393Z [logs] error: error
2023-11-26T19:30:43.387Z [logs] error: error
2023-11-26T19:37:11.468Z [logs] error: error
2023-11-26T19:38:03.745Z [logs] error: error
2023-11-26T19:38:03.746Z [logs] error: Error en CartManager/addCartProducts: TypeError: exceptions is not a constructor
2023-12-03T17:26:55.158Z [logs] error: error
2023-12-03T18:02:47.254Z [logs] error: Error en PasswordService/sendEmailToResetPassword: TypeError: Cannot read properties of undefined (reading 'params')
2023-12-03T18:06:55.291Z [logs] error: Error en PasswordService/sendEmailToResetPassword: TypeError: Cannot read properties of undefined (reading 'params')
2023-12-03T18:09:52.896Z [logs] error: Error en PasswordService/sendEmailToResetPassword: TypeError: Cannot read properties of undefined (reading 'params')
2023-12-03T18:10:48.431Z [logs] error: Error en PasswordService/sendEmailToResetPassword: TypeError: Cannot read properties of undefined (reading 'params')
2023-12-03T18:11:21.372Z [logs] error: Error en PasswordService/sendEmailToResetPassword: TypeError: Cannot read properties of undefined (reading 'params')
2023-12-03T18:11:21.373Z [logs] error: Error en PasswordManager/initRecovery: ReferenceError: rrayAnswer is not defined
2023-12-03T18:11:49.525Z [logs] error: Error en PasswordService/sendEmailToResetPassword: TypeError: Cannot read properties of undefined (reading 'params')
2023-12-03T18:11:49.526Z [logs] error: Error en PasswordManager/initRecovery: ReferenceError: rrayAnswer is not defined
2023-12-03T18:12:07.045Z [logs] error: Error en PasswordService/sendEmailToResetPassword: TypeError: Cannot read properties of undefined (reading 'params')
2023-12-03T18:12:58.770Z [logs] error: Error en PasswordService/sendEmailToResetPassword: TypeError: Cannot read properties of undefined (reading 'params')
2023-12-03T18:14:02.752Z [logs] error: Error en PasswordService/sendEmailToResetPassword: TypeError: Cannot read properties of undefined (reading 'params')
2023-12-03T18:14:22.657Z [logs] error: Error en PasswordService/sendEmailToResetPassword: TypeError: Cannot read properties of undefined (reading 'params')
2023-12-03T18:15:26.492Z [logs] error: Error en PasswordService/sendEmailToResetPassword: TypeError: Cannot read properties of undefined (reading 'params')
2023-12-03T18:16:32.517Z [logs] error: Error en PasswordService/sendEmailToResetPassword: TypeError: Cannot read properties of undefined (reading 'params')
2023-12-03T18:17:04.130Z [logs] error: Error en PasswordService/sendEmailToResetPassword: TypeError: Cannot read properties of undefined (reading 'params')
2023-12-03T18:17:48.665Z [logs] error: Error en PasswordService/sendEmailToResetPassword: TypeError: Cannot read properties of undefined (reading 'params')
2023-12-03T18:20:15.160Z [logs] error: Error en PasswordService/sendEmailToResetPassword: TypeError: Cannot read properties of undefined (reading 'params')
2023-12-03T18:21:51.883Z [logs] error: Error en PasswordService/sendEmailToResetPassword: TypeError: Cannot read properties of undefined (reading 'params')
2023-12-03T18:30:31.246Z [logs] error: Error en PasswordService/sendEmailToResetPassword: TypeError: Cannot destructure property 'email' of 'req.params' as it is undefined.
2023-12-03T18:48:45.368Z [logs] error: Error en PasswordService/sendEmailToResetPassword: TypeError: Cannot destructure property 'email' of 'req' as it is undefined.
2023-12-03T18:49:45.662Z [logs] error: Error en PasswordService/sendEmailToResetPassword: TypeError: Cannot destructure property 'email' of 'req' as it is undefined.
2023-12-03T18:50:24.268Z [logs] error: Error en PasswordService/sendEmailToResetPassword: TypeError: Cannot destructure property 'email' of 'req' as it is undefined.
2023-12-03T18:51:06.025Z [logs] error: Error en PasswordService/sendEmailToResetPassword: TypeError: Cannot destructure property 'email' of 'req' as it is undefined.
2023-12-03T18:54:08.831Z [logs] error: Error en PasswordService/sendEmailToResetPassword: TypeError: Cannot destructure property 'email' of 'req' as it is undefined.
2023-12-03T19:07:31.817Z [logs] error: Error en PasswordService/sendEmailToResetPassword: ReferenceError: userPassword is not defined
2023-12-03T19:26:33.919Z [logs] error: Error en emailService/sendEmail: Error: No recipients defined
2023-12-03T19:40:14.788Z [logs] error: Error en PasswordService/resetPassword: TypeError: Cannot read properties of undefined (reading 'params')
2023-12-03T19:41:53.420Z [logs] error: Error en PasswordService/resetPassword: TypeError: Cannot read properties of undefined (reading 'params')
2023-12-03T19:42:09.127Z [logs] error: Error en PasswordService/resetPassword: TypeError: Cannot read properties of undefined (reading 'params')
2023-12-03T19:49:37.463Z [logs] error: Error en PasswordService/resetPassword: TypeError: Cannot destructure property 'token' of 'req' as it is undefined.
2023-12-03T19:52:22.618Z [logs] error: Error en PasswordService/resetPassword: TypeError: Cannot destructure property 'password' of 'req' as it is undefined.
2023-12-03T19:53:53.519Z [logs] error: Error en PasswordService/resetPassword: TypeError: Cannot destructure property 'token' of 'req' as it is undefined.
2023-12-03T19:54:38.627Z [logs] error: Error en PasswordManager/initRecovery: TypeError: Cannot destructure property 'token' of 'req.token' as it is undefined.
2023-12-03T19:56:31.504Z [logs] error: Error en PasswordManager/initRecovery: TypeError: Cannot destructure property 'token' of 'req.token' as it is undefined.
2023-12-03T19:57:28.178Z [logs] error: Error en PasswordService/resetPassword: TypeError: Cannot read properties of null (reading 'email')
2023-12-03T19:58:41.045Z [logs] error: Error en PasswordService/resetPassword: TypeError: Cannot read properties of null (reading 'email')
2023-12-03T20:11:30.727Z [logs] error: Error en PasswordService/resetPassword: TypeError: userPassword.getDataValue is not a function
2023-12-03T20:12:31.741Z [logs] error: Error en PasswordService/resetPassword: TypeError: userPassword.getDataValue is not a function
2023-12-03T20:14:14.346Z [logs] error: Error en PasswordService/resetPassword: TypeError: userPassword.getDataValue is not a function
2023-12-03T20:17:03.212Z [logs] error: Error en PasswordService/resetPassword: TypeError: userPassword.getDataValue is not a function
2023-12-03T20:17:57.493Z [logs] error: Error en PasswordService/resetPassword: TypeError: userPassword.getDataValue is not a function
2023-12-03T20:18:31.413Z [logs] error: Error en PasswordService/resetPassword: TypeError: userPassword.getDataValue is not a function
2023-12-03T20:20:57.896Z [logs] error: Error en PasswordService/resetPassword: TypeError: userPassword.getDataValue is not a function
2023-12-03T21:09:44.262Z [logs] error: Error en PasswordService/resetPassword: SyntaxError: Expected property name or '}' in JSON at position 4
2023-12-03T21:15:20.277Z [logs] error: Error en PasswordService/resetPassword: SyntaxError: Expected property name or '}' in JSON at position 4
2023-12-03T21:15:20.590Z [logs] error: Error en PasswordService/resetPassword: SyntaxError: Expected property name or '}' in JSON at position 4
2023-12-03T21:16:29.754Z [logs] error: Error en PasswordService/resetPassword: SyntaxError: Expected property name or '}' in JSON at position 4
2023-12-03T21:17:41.135Z [logs] error: Error en PasswordService/resetPassword: SyntaxError: Expected property name or '}' in JSON at position 4
2023-12-03T21:19:22.832Z [logs] error: Error en PasswordService/resetPassword: SyntaxError: Expected property name or '}' in JSON at position 4
2023-12-03T21:33:20.378Z [logs] error: Error en PasswordService/resetPassword: TypeError: Cannot read properties of undefined (reading 'email')
2023-12-03T21:34:15.908Z [logs] error: Error en PasswordService/resetPassword: TypeError: Cannot read properties of undefined (reading 'email')
2023-12-03T21:34:37.851Z [logs] error: Error en PasswordService/resetPassword: TypeError: Cannot read properties of undefined (reading 'isUsed')
2023-12-03T21:35:13.675Z [logs] error: Error en PasswordService/resetPassword: TypeError: Cannot read properties of undefined (reading 'isUsed')
2023-12-03T21:35:36.698Z [logs] error: Error en PasswordService/resetPassword: TypeError: Cannot read properties of undefined (reading 'isUsed')
2023-12-03T22:43:29.139Z [logs] error: Error en PasswordManager/initRecovery: TypeError: res.Json is not a function
2023-12-03T22:44:04.242Z [logs] error: Error en PasswordManager/initRecovery: TypeError: res.Json is not a function
2023-12-03T22:45:09.852Z [logs] error: Error en PasswordManager/initRecovery: TypeError: res.Json is not a function
2023-12-03T23:27:03.967Z [logs] error: Error en PasswordManager/initRecovery: ReferenceError: token is not defined
2023-12-03T23:28:37.053Z [logs] error: Error en PasswordManager/initRecovery: ReferenceError: token is not defined
2023-12-03T23:34:38.310Z [logs] error: Error en PasswordManager/initRecovery: ReferenceError: token is not defined
2023-12-03T23:36:09.670Z [logs] error: Error en PasswordManager/initRecovery: ReferenceError: token is not defined
2023-12-03T23:41:52.935Z [logs] error: Error en PasswordManager/initRecovery: ReferenceError: token is not defined
2023-12-03T23:43:49.242Z [logs] error: Error en PasswordManager/initRecovery: ReferenceError: token is not defined
2023-12-03T23:44:22.625Z [logs] error: Error en PasswordManager/initRecovery: ReferenceError: token is not defined
2023-12-03T23:51:44.038Z [logs] error: Error en PasswordService/resetPassword: ReferenceError: email is not defined
2023-12-03T23:55:58.128Z [logs] error: Error en PasswordService/resetPassword: TypeError: userPassword.setDataValue is not a function
2023-12-04T00:01:43.075Z [logs] error: Error en PasswordService/resetPassword: ReferenceError: cartsModel is not defined
2023-12-04T00:19:39.910Z [logs] error: Error en PasswordService/resetPassword: ReferenceError: previouspass is not defined
2023-12-04T02:31:45.783Z [logs] error: Error en PasswordService/resetPassword: TypeError: Cannot read properties of undefined (reading 'email')
2023-12-04T02:31:46.035Z [logs] error: Error en PasswordService/resetPassword: TypeError: Cannot read properties of undefined (reading 'email')
2023-12-04T02:32:06.188Z [logs] error: Error en PasswordService/resetPassword: TypeError: Cannot read properties of undefined (reading 'email')
2023-12-04T02:39:54.641Z [logs] error: Error en PasswordService/resetPassword: ReferenceError: newpassEncryp is not defined
2023-12-04T23:20:12.749Z [logs] error: Error en ProductsService/deletProductviaService: CastError: Cast to ObjectId failed for value "{ _id: '' }" (type Object) at path "_id" for model "products"
2023-12-04T23:20:12.751Z [logs] error: Error en ProductManager/deleteProduct: TypeError: Cannot read properties of undefined (reading 'status')
2023-12-04T23:20:13.665Z [logs] error: Error en ProductsService/deletProductviaService: CastError: Cast to ObjectId failed for value "{ _id: '' }" (type Object) at path "_id" for model "products"
2023-12-04T23:20:13.667Z [logs] error: Error en ProductManager/deleteProduct: TypeError: Cannot read properties of undefined (reading 'status')
2023-12-04T23:20:13.881Z [logs] error: Error en ProductsService/deletProductviaService: CastError: Cast to ObjectId failed for value "{ _id: '' }" (type Object) at path "_id" for model "products"
2023-12-04T23:20:13.882Z [logs] error: Error en ProductManager/deleteProduct: TypeError: Cannot read properties of undefined (reading 'status')
2023-12-04T23:26:25.881Z [logs] error: Error en ProductsService/getProductWpaginviaService: MongooseError: Operation `products.countDocuments()` buffering timed out after 10000ms
2023-12-04T23:32:28.593Z [logs] error: Error en ProductsService/getProductWpaginviaService: MongooseError: Operation `products.countDocuments()` buffering timed out after 10000ms
2023-12-04T23:36:43.574Z [logs] error: Error en ProductsService/getProductWpaginviaService: MongooseError: Operation `products.countDocuments()` buffering timed out after 10000ms
2023-12-04T23:47:50.072Z [logs] error: Error en ProductManager/addProduct: TypeError: Cannot read properties of undefined (reading 'user')
2023-12-04T23:49:09.347Z [logs] error: Error en ProductManager/addProduct: TypeError: Cannot read properties of undefined (reading 'email')
2023-12-04T23:51:25.262Z [logs] error: Error en ProductManager/addProduct: TypeError: Cannot read properties of undefined (reading 'email')
2023-12-04T23:51:54.928Z [logs] error: Error en ProductsService/getProductWpaginviaService: MongooseError: Operation `products.countDocuments()` buffering timed out after 10000ms
2023-12-04T23:54:31.805Z [logs] error: Error en ProductManager/deleteProduct: TypeError: Cannot read properties of undefined (reading 'status')
2023-12-04T23:54:37.260Z [logs] error: Error en ProductManager/deleteProduct: TypeError: Cannot read properties of undefined (reading 'status')
2023-12-04T23:59:11.955Z [logs] error: Error en ProductManager/addProduct: TypeError: Cannot read properties of undefined (reading 'user')
2023-12-05T00:02:08.220Z [logs] error: Error en ProductManager/addProduct: TypeError: Cannot read properties of undefined (reading 'user')
2023-12-05T00:56:15.347Z [logs] error: Error en ProductsService/getProductWpaginviaService: MongooseError: Operation `products.countDocuments()` buffering timed out after 10000ms
2023-12-05T01:12:58.575Z [logs] error: Error en ProductsService/getProductWpaginviaService: MongooseError: Operation `products.countDocuments()` buffering timed out after 10000ms
2023-12-05T02:10:21.429Z [logs] error: error
2023-12-05T13:58:55.716Z [logs] error: Error en ProductManager/deleteProduct: TypeError: Cannot read properties of undefined (reading 'status')
2023-12-05T13:59:03.174Z [logs] error: Error en ProductManager/deleteProduct: TypeError: Cannot read properties of undefined (reading 'status')
2023-12-05T13:59:10.050Z [logs] error: Error en ProductManager/deleteProduct: TypeError: Cannot read properties of undefined (reading 'status')
2023-12-05T14:01:32.505Z [logs] error: Error en ProductManager/addProduct: TypeError: Cannot read properties of undefined (reading 'user')
2023-12-05T14:20:36.496Z [logs] error: Error en ProductsService/addProductviaService: MongoServerError: E11000 duplicate key error collection: test.products index: code_1 dup key: { code: "1" }
2023-12-05T14:29:59.827Z [logs] error: Error en ProductsService/addProductviaService: MongoServerError: E11000 duplicate key error collection: test.products index: code_1 dup key: { code: "1" }
2023-12-05T14:39:37.727Z [logs] error: Error en ProductManager/deleteProduct: TypeError: Cannot read properties of undefined (reading 'status')
2023-12-05T14:39:42.157Z [logs] error: Error en ProductManager/deleteProduct: TypeError: Cannot read properties of undefined (reading 'status')
2023-12-05T14:39:46.904Z [logs] error: Error en ProductManager/deleteProduct: TypeError: Cannot read properties of undefined (reading 'status')
2023-12-05T14:42:44.602Z [logs] error: Error en ProductManager/deleteProduct: TypeError: Cannot read properties of undefined (reading 'status')
2023-12-05T14:50:36.726Z [logs] error: Error en ProductManager/getProducts: TypeError: Cannot read properties of null (reading 'limit')
2023-12-05T14:54:56.760Z [logs] error: Error en ProductManager/deleteProduct: TypeError: Cannot read properties of undefined (reading 'status')
2023-12-05T14:59:08.590Z [logs] error: Error en PasswordService/resetPassword: TypeError: Cannot read properties of undefined (reading 'email')
2023-12-05T15:01:00.166Z [logs] error: Error en PasswordService/resetPassword: TypeError: Cannot read properties of undefined (reading 'email')
2023-12-05T15:02:24.282Z [logs] error: Error en PasswordService/resetPassword: TypeError: Cannot read properties of undefined (reading 'email')
2023-12-05T15:05:06.481Z [logs] error: Error en PasswordService/resetPassword: TypeError: Cannot read properties of undefined (reading 'email')
2023-12-05T15:05:54.944Z [logs] error: Error en PasswordService/resetPassword: ReferenceError: password2 is not defined
2023-12-05T16:59:04.725Z [logs] error: Error en ProductManager/deleteProduct: ReferenceError: next is not defined
2023-12-05T17:00:38.381Z [logs] error: Error en ProductManager/deleteProduct: ReferenceError: next is not defined
2023-12-05T17:07:02.893Z [logs] error: Error en ProductManager/deleteProduct: TypeError: Cannot read properties of undefined (reading 'pid')
2023-12-05T17:07:48.861Z [logs] error: Error en ProductsService/deletProductviaService: CastError: Cast to ObjectId failed for value "{ _id: { pid: undefined, uid: undefined } }" (type Object) at path "_id" for model "products"
2023-12-05T17:07:48.863Z [logs] error: Error en ProductManager/deleteProduct: TypeError: Cannot read properties of undefined (reading 'status')
2023-12-05T17:08:59.217Z [logs] error: Error en ProductsService/deletProductviaService: CastError: Cast to ObjectId failed for value "{ _id: { pid: undefined, uid: undefined } }" (type Object) at path "_id" for model "products"
2023-12-05T17:08:59.219Z [logs] error: Error en ProductManager/deleteProduct: TypeError: Cannot read properties of undefined (reading 'status')
2023-12-05T17:10:12.779Z [logs] error: Error en ProductsService/deletProductviaService: CastError: Cast to ObjectId failed for value "{ _id: { pid: undefined, uid: undefined } }" (type Object) at path "_id" for model "products"
2023-12-05T17:10:12.782Z [logs] error: Error en ProductManager/deleteProduct: TypeError: Cannot read properties of undefined (reading 'status')
2023-12-05T17:13:44.385Z [logs] error: Error en ProductsService/deletProductviaService: CastError: Cast to ObjectId failed for value "{
  _id: { pid: '656f56afb2c1ce44fc3b6d3c', uid: '656e5b70a957e51f125d6364' }
}" (type Object) at path "_id" for model "products"
2023-12-05T17:13:44.387Z [logs] error: Error en ProductManager/deleteProduct: TypeError: Cannot read properties of undefined (reading 'status')
2023-12-05T17:17:39.918Z [logs] error: Error en ProductsService/deletProductviaService: CastError: Cast to ObjectId failed for value "{
  _id: { pid: '656f56afb2c1ce44fc3b6d3c', uid: '656e5b70a957e51f125d6364' }
}" (type Object) at path "_id" for model "products"
2023-12-05T17:17:39.919Z [logs] error: Error en ProductManager/deleteProduct: TypeError: Cannot read properties of undefined (reading 'status')
2023-12-05T17:19:31.236Z [logs] error: Error en ProductManager/deleteProduct: TypeError: Cannot read properties of undefined (reading 'status')
2023-12-05T17:21:36.543Z [logs] error: Error en ProductManager/deleteProduct: ReferenceError: isUserAuthorized is not defined
2023-12-05T17:22:26.585Z [logs] error: Error en ProductManager/deleteProduct: TypeError: next is not a function
2023-12-05T17:23:36.581Z [logs] error: Error en ProductManager/deleteProduct: ReferenceError: next is not defined
2023-12-05T17:34:50.029Z [logs] error: Error en ProductManager/deleteProduct: TypeError: Cannot read properties of undefined (reading 'status')
2023-12-05T17:35:48.959Z [logs] error: Error en ProductManager/deleteProduct: TypeError: Cannot read properties of undefined (reading 'status')
2023-12-05T17:56:28.664Z [logs] error: Error en ProductManager/deleteProduct: TypeError: Cannot read properties of undefined (reading 'status')
2023-12-05T17:57:49.349Z [logs] error: Error en ProductManager/deleteProduct: TypeError: Cannot read properties of undefined (reading 'status')
2023-12-05T17:59:18.331Z [logs] error: Error en ProductManager/deleteProduct: TypeError: Cannot read properties of undefined (reading 'status')
2023-12-05T18:03:01.781Z [logs] error: Error en ProductManager/deleteProduct: TypeError: Cannot read properties of undefined (reading 'status')
2023-12-05T18:37:20.045Z [logs] error: error
